2020-09-18 03:02:23 INFO  ThreadPoolTaskExecutor:208 - Shutting down ExecutorService 'applicationTaskExecutor'
2020-09-18 03:02:23 INFO  HikariDataSource:350 - HikariPool-1 - Shutdown initiated...
2020-09-18 03:02:23 INFO  HikariDataSource:352 - HikariPool-1 - Shutdown completed.
2020-09-18 03:02:28 INFO  Version:21 - HV000001: Hibernate Validator 6.0.16.Final
2020-09-18 03:02:29 INFO  Application:50 - Starting Application on heshaomingdeMacBook-Pro.local with PID 29291 (/Users/heshaoming/java_structure/foodie-shaoming/foodie-dev-app/target/classes started by heshaoming in /Users/heshaoming/java_structure/foodie-shaoming)
2020-09-18 03:02:29 INFO  Application:675 - No active profile set, falling back to default profiles: default
2020-09-18 03:02:31 WARN  ClassPathMapperScanner:44 - No MyBatis mapper was found in '[com.imooc]' package. Please check your configuration.
2020-09-18 03:02:31 INFO  PostProcessorRegistrationDelegate$BeanPostProcessorChecker:330 - Bean 'org.springframework.transaction.annotation.ProxyTransactionManagementConfiguration' of type [org.springframework.transaction.annotation.ProxyTransactionManagementConfiguration$$EnhancerBySpringCGLIB$$cfb11019] is not eligible for getting processed by all BeanPostProcessors (for example: not eligible for auto-proxying)
2020-09-18 03:02:32 INFO  TomcatWebServer:90 - Tomcat initialized with port(s): 8088 (http)
2020-09-18 03:02:32 INFO  ContextLoader:296 - Root WebApplicationContext: initialization completed in 2888 ms
2020-09-18 03:02:34 INFO  ThreadPoolTaskExecutor:171 - Initializing ExecutorService 'applicationTaskExecutor'
2020-09-18 03:02:34 INFO  MapperCacheDisabler:60 - Clear tk.mybatis.mapper.util.MsUtil CLASS_CACHE cache.
2020-09-18 03:02:34 INFO  MapperCacheDisabler:60 - Clear tk.mybatis.mapper.genid.GenIdUtil CACHE cache.
2020-09-18 03:02:34 INFO  MapperCacheDisabler:60 - Clear tk.mybatis.mapper.version.VersionUtil CACHE cache.
2020-09-18 03:02:34 INFO  MapperCacheDisabler:83 - Clear EntityHelper entityTableMap cache.
2020-09-18 03:02:34 INFO  DocumentationPluginsBootstrapper:84 - Context refreshed
2020-09-18 03:02:34 INFO  DocumentationPluginsBootstrapper:87 - Found 1 custom documentation plugin(s)
2020-09-18 03:02:34 INFO  ApiListingReferenceScanner:44 - Scanning for api listing references
2020-09-18 03:02:34 INFO  CachingOperationNameGenerator:40 - Generating unique operation named: loginUsingPOST_1
2020-09-18 03:02:35 INFO  TomcatWebServer:204 - Tomcat started on port(s): 8088 (http) with context path ''
2020-09-18 03:02:35 INFO  Application:59 - Started Application in 6.312 seconds (JVM running for 7.295)
